[00:08:46] [main/INFO] [GradleStart]: Extra: []
[00:08:46] [main/INFO] [GradleStart]: Running with arguments: [--userProperties, {}, --accessToken, {REDACTED}, --assetIndex, 1.7.10, --assetsDir, C:/Users/Jack/.gradle/caches/minecraft/assets, --version, 1.7.10, --tweakClass, cpw.mods.fml.common.launcher.FMLTweaker, --tweakClass, net.minecraftforge.gradle.tweakers.CoremodTweaker]
[00:08:46] [main/INFO] [LaunchWrapper]: Loading tweak class name cpw.mods.fml.common.launcher.FMLTweaker
[00:08:46] [main/INFO] [LaunchWrapper]: Using primary tweak class name cpw.mods.fml.common.launcher.FMLTweaker
[00:08:46] [main/INFO] [LaunchWrapper]: Loading tweak class name net.minecraftforge.gradle.tweakers.CoremodTweaker
[00:08:46] [main/INFO] [LaunchWrapper]: Calling tweak class cpw.mods.fml.common.launcher.FMLTweaker
[09:28:17] [main/INFO] [GradleStart]: Extra: []
[09:28:17] [main/INFO] [GradleStart]: Running with arguments: [--userProperties, {}, --accessToken, {REDACTED}, --assetIndex, 1.7.10, --assetsDir, C:/Users/Jack/.gradle/caches/minecraft/assets, --version, 1.7.10, --tweakClass, cpw.mods.fml.common.launcher.FMLTweaker, --tweakClass, net.minecraftforge.gradle.tweakers.CoremodTweaker]
[09:28:17] [main/INFO] [LaunchWrapper]: Loading tweak class name cpw.mods.fml.common.launcher.FMLTweaker
[09:28:17] [main/INFO] [LaunchWrapper]: Using primary tweak class name cpw.mods.fml.common.launcher.FMLTweaker
[09:28:17] [main/INFO] [LaunchWrapper]: Loading tweak class name net.minecraftforge.gradle.tweakers.CoremodTweaker
[09:28:17] [main/INFO] [LaunchWrapper]: Calling tweak class cpw.mods.fml.common.launcher.FMLTweaker
[09:31:19] [main/INFO] [GradleStart]: Extra: []
[09:31:19] [main/INFO] [GradleStart]: Running with arguments: [--userProperties, {}, --accessToken, {REDACTED}, --assetIndex, 1.7.10, --assetsDir, C:/Users/Jack/.gradle/caches/minecraft/assets, --version, 1.7.10, --tweakClass, cpw.mods.fml.common.launcher.FMLTweaker, --tweakClass, net.minecraftforge.gradle.tweakers.CoremodTweaker]
[09:31:19] [main/INFO] [LaunchWrapper]: Loading tweak class name cpw.mods.fml.common.launcher.FMLTweaker
[09:31:19] [main/INFO] [LaunchWrapper]: Using primary tweak class name cpw.mods.fml.common.launcher.FMLTweaker
[09:31:19] [main/INFO] [LaunchWrapper]: Loading tweak class name net.minecraftforge.gradle.tweakers.CoremodTweaker
[09:31:19] [main/INFO] [LaunchWrapper]: Calling tweak class cpw.mods.fml.common.launcher.FMLTweaker
[09:31:26] [main/INFO] [GradleStart]: Extra: []
[09:31:26] [main/INFO] [GradleStart]: Running with arguments: [--userProperties, {}, --accessToken, {REDACTED}, --assetIndex, 1.7.10, --assetsDir, C:/Users/Jack/.gradle/caches/minecraft/assets, --version, 1.7.10, --tweakClass, cpw.mods.fml.common.launcher.FMLTweaker, --tweakClass, net.minecraftforge.gradle.tweakers.CoremodTweaker]
[09:31:27] [main/INFO] [LaunchWrapper]: Loading tweak class name cpw.mods.fml.common.launcher.FMLTweaker
[09:31:27] [main/INFO] [LaunchWrapper]: Using primary tweak class name cpw.mods.fml.common.launcher.FMLTweaker
[09:31:27] [main/INFO] [LaunchWrapper]: Loading tweak class name net.minecraftforge.gradle.tweakers.CoremodTweaker
[09:31:27] [main/INFO] [LaunchWrapper]: Calling tweak class cpw.mods.fml.common.launcher.FMLTweaker
[09:44:38] [main/INFO] [GradleStart]: Extra: []
[09:44:38] [main/INFO] [GradleStart]: Running with arguments: [--userProperties, {}, --accessToken, {REDACTED}, --assetIndex, 1.7.10, --assetsDir, C:/Users/Jack/.gradle/caches/minecraft/assets, --version, 1.7.10, --tweakClass, cpw.mods.fml.common.launcher.FMLTweaker, --tweakClass, net.minecraftforge.gradle.tweakers.CoremodTweaker]
[09:44:39] [main/INFO] [LaunchWrapper]: Loading tweak class name cpw.mods.fml.common.launcher.FMLTweaker
[09:44:39] [main/INFO] [LaunchWrapper]: Using primary tweak class name cpw.mods.fml.common.launcher.FMLTweaker
[09:44:39] [main/INFO] [LaunchWrapper]: Loading tweak class name net.minecraftforge.gradle.tweakers.CoremodTweaker
[09:44:39] [main/INFO] [LaunchWrapper]: Calling tweak class cpw.mods.fml.common.launcher.FMLTweaker
[10:03:51] [main/INFO] [GradleStart]: Extra: []
[10:03:51] [main/INFO] [GradleStart]: Running with arguments: [--userProperties, {}, --accessToken, {REDACTED}, --assetIndex, 1.7.10, --assetsDir, C:/Users/Jack/.gradle/caches/minecraft/assets, --version, 1.7.10, --tweakClass, cpw.mods.fml.common.launcher.FMLTweaker, --tweakClass, net.minecraftforge.gradle.tweakers.CoremodTweaker]
[10:03:51] [main/INFO] [LaunchWrapper]: Loading tweak class name cpw.mods.fml.common.launcher.FMLTweaker
[10:03:51] [main/INFO] [LaunchWrapper]: Using primary tweak class name cpw.mods.fml.common.launcher.FMLTweaker
[10:03:51] [main/INFO] [LaunchWrapper]: Loading tweak class name net.minecraftforge.gradle.tweakers.CoremodTweaker
[10:03:51] [main/INFO] [LaunchWrapper]: Calling tweak class cpw.mods.fml.common.launcher.FMLTweaker
[10:05:27] [main/INFO] [GradleStart]: Extra: []
[10:05:27] [main/INFO] [GradleStart]: Running with arguments: [--userProperties, {}, --accessToken, {REDACTED}, --assetIndex, 1.7.10, --assetsDir, C:/Users/Jack/.gradle/caches/minecraft/assets, --version, 1.7.10, --tweakClass, cpw.mods.fml.common.launcher.FMLTweaker, --tweakClass, net.minecraftforge.gradle.tweakers.CoremodTweaker]
[10:05:27] [main/INFO] [LaunchWrapper]: Loading tweak class name cpw.mods.fml.common.launcher.FMLTweaker
[10:05:27] [main/INFO] [LaunchWrapper]: Using primary tweak class name cpw.mods.fml.common.launcher.FMLTweaker
[10:05:27] [main/INFO] [LaunchWrapper]: Loading tweak class name net.minecraftforge.gradle.tweakers.CoremodTweaker
[10:05:27] [main/INFO] [LaunchWrapper]: Calling tweak class cpw.mods.fml.common.launcher.FMLTweaker
[14:33:46] [main/INFO] [GradleStart]: Extra: []
[14:33:46] [main/INFO] [GradleStart]: Running with arguments: [--userProperties, {}, --accessToken, {REDACTED}, --assetIndex, 1.7.10, --assetsDir, C:/Users/Jack/.gradle/caches/minecraft/assets, --version, 1.7.10, --tweakClass, cpw.mods.fml.common.launcher.FMLTweaker, --tweakClass, net.minecraftforge.gradle.tweakers.CoremodTweaker]
[14:33:46] [main/INFO] [LaunchWrapper]: Loading tweak class name cpw.mods.fml.common.launcher.FMLTweaker
[14:33:46] [main/INFO] [LaunchWrapper]: Using primary tweak class name cpw.mods.fml.common.launcher.FMLTweaker
[14:33:46] [main/INFO] [LaunchWrapper]: Loading tweak class name net.minecraftforge.gradle.tweakers.CoremodTweaker
[14:33:46] [main/INFO] [LaunchWrapper]: Calling tweak class cpw.mods.fml.common.launcher.FMLTweaker
[14:47:43] [main/INFO] [GradleStart]: Extra: []
[14:47:43] [main/INFO] [GradleStart]: Running with arguments: [--userProperties, {}, --accessToken, {REDACTED}, --assetIndex, 1.7.10, --assetsDir, C:/Users/Jack/.gradle/caches/minecraft/assets, --version, 1.7.10, --tweakClass, cpw.mods.fml.common.launcher.FMLTweaker, --tweakClass, net.minecraftforge.gradle.tweakers.CoremodTweaker]
[14:47:43] [main/INFO] [LaunchWrapper]: Loading tweak class name cpw.mods.fml.common.launcher.FMLTweaker
[14:47:43] [main/INFO] [LaunchWrapper]: Using primary tweak class name cpw.mods.fml.common.launcher.FMLTweaker
[14:47:43] [main/INFO] [LaunchWrapper]: Loading tweak class name net.minecraftforge.gradle.tweakers.CoremodTweaker
[14:47:43] [main/INFO] [LaunchWrapper]: Calling tweak class cpw.mods.fml.common.launcher.FMLTweaker
[14:51:54] [main/INFO] [GradleStart]: Extra: []
[14:51:54] [main/INFO] [GradleStart]: Running with arguments: [--userProperties, {}, --accessToken, {REDACTED}, --assetIndex, 1.7.10, --assetsDir, C:/Users/Jack/.gradle/caches/minecraft/assets, --version, 1.7.10, --tweakClass, cpw.mods.fml.common.launcher.FMLTweaker, --tweakClass, net.minecraftforge.gradle.tweakers.CoremodTweaker]
[14:51:54] [main/INFO] [LaunchWrapper]: Loading tweak class name cpw.mods.fml.common.launcher.FMLTweaker
[14:51:54] [main/INFO] [LaunchWrapper]: Using primary tweak class name cpw.mods.fml.common.launcher.FMLTweaker
[14:51:54] [main/INFO] [LaunchWrapper]: Loading tweak class name net.minecraftforge.gradle.tweakers.CoremodTweaker
[14:51:54] [main/INFO] [LaunchWrapper]: Calling tweak class cpw.mods.fml.common.launcher.FMLTweaker
[15:09:54] [main/INFO] [GradleStart]: Extra: []
[15:09:54] [main/INFO] [GradleStart]: Running with arguments: [--userProperties, {}, --accessToken, {REDACTED}, --assetIndex, 1.7.10, --assetsDir, C:/Users/Jack/.gradle/caches/minecraft/assets, --version, 1.7.10, --tweakClass, cpw.mods.fml.common.launcher.FMLTweaker, --tweakClass, net.minecraftforge.gradle.tweakers.CoremodTweaker]
[15:09:54] [main/INFO] [LaunchWrapper]: Loading tweak class name cpw.mods.fml.common.launcher.FMLTweaker
[15:09:54] [main/INFO] [LaunchWrapper]: Using primary tweak class name cpw.mods.fml.common.launcher.FMLTweaker
[15:09:54] [main/INFO] [LaunchWrapper]: Loading tweak class name net.minecraftforge.gradle.tweakers.CoremodTweaker
[15:09:54] [main/INFO] [LaunchWrapper]: Calling tweak class cpw.mods.fml.common.launcher.FMLTweaker
[15:13:37] [main/INFO] [GradleStart]: Extra: []
[15:13:37] [main/INFO] [GradleStart]: Running with arguments: [--userProperties, {}, --accessToken, {REDACTED}, --assetIndex, 1.7.10, --assetsDir, C:/Users/Jack/.gradle/caches/minecraft/assets, --version, 1.7.10, --tweakClass, cpw.mods.fml.common.launcher.FMLTweaker, --tweakClass, net.minecraftforge.gradle.tweakers.CoremodTweaker]
[15:13:37] [main/INFO] [LaunchWrapper]: Loading tweak class name cpw.mods.fml.common.launcher.FMLTweaker
[15:13:37] [main/INFO] [LaunchWrapper]: Using primary tweak class name cpw.mods.fml.common.launcher.FMLTweaker
[15:13:37] [main/INFO] [LaunchWrapper]: Loading tweak class name net.minecraftforge.gradle.tweakers.CoremodTweaker
[15:13:37] [main/INFO] [LaunchWrapper]: Calling tweak class cpw.mods.fml.common.launcher.FMLTweaker
[18:54:16] [main/INFO] [GradleStart]: Extra: []
[18:54:16] [main/INFO] [GradleStart]: Running with arguments: [--userProperties, {}, --accessToken, {REDACTED}, --assetIndex, 1.7.10, --assetsDir, C:/Users/Jack/.gradle/caches/minecraft/assets, --version, 1.7.10, --tweakClass, cpw.mods.fml.common.launcher.FMLTweaker, --tweakClass, net.minecraftforge.gradle.tweakers.CoremodTweaker]
[18:54:16] [main/INFO] [LaunchWrapper]: Loading tweak class name cpw.mods.fml.common.launcher.FMLTweaker
[18:54:16] [main/INFO] [LaunchWrapper]: Using primary tweak class name cpw.mods.fml.common.launcher.FMLTweaker
[18:54:16] [main/INFO] [LaunchWrapper]: Loading tweak class name net.minecraftforge.gradle.tweakers.CoremodTweaker
[18:54:16] [main/INFO] [LaunchWrapper]: Calling tweak class cpw.mods.fml.common.launcher.FMLTweaker
[19:04:23] [main/INFO] [GradleStart]: Extra: []
[19:04:23] [main/INFO] [GradleStart]: Running with arguments: [--userProperties, {}, --accessToken, {REDACTED}, --assetIndex, 1.7.10, --assetsDir, C:/Users/Jack/.gradle/caches/minecraft/assets, --version, 1.7.10, --tweakClass, cpw.mods.fml.common.launcher.FMLTweaker, --tweakClass, net.minecraftforge.gradle.tweakers.CoremodTweaker]
[19:04:23] [main/INFO] [LaunchWrapper]: Loading tweak class name cpw.mods.fml.common.launcher.FMLTweaker
[19:04:23] [main/INFO] [LaunchWrapper]: Using primary tweak class name cpw.mods.fml.common.launcher.FMLTweaker
[19:04:23] [main/INFO] [LaunchWrapper]: Loading tweak class name net.minecraftforge.gradle.tweakers.CoremodTweaker
[19:04:23] [main/INFO] [LaunchWrapper]: Calling tweak class cpw.mods.fml.common.launcher.FMLTweaker
