[19:04:27] [main/INFO]: Setting user: Player187
[19:04:30] [Client thread/INFO]: LWJGL Version: 2.9.1
[19:04:40] [Client thread/INFO]: Reloading ResourceManager: Default, FMLFileResourcePack:Forge Mod Loader, FMLFileResourcePack:Minecraft Forge, FMLFileResourcePack:Craft In Peace
[19:04:41] [Sound Library Loader/INFO]: Sound engine started
[19:04:42] [Client thread/INFO]: Created: 16x16 textures/blocks-atlas
[19:04:42] [Client thread/INFO]: Created: 16x16 textures/items-atlas
[19:04:42] [Client thread/INFO]: Reloading ResourceManager: Default, FMLFileResourcePack:Forge Mod Loader, FMLFileResourcePack:Minecraft Forge, FMLFileResourcePack:Craft In Peace
[19:04:43] [Client thread/INFO]: Created: 256x256 textures/items-atlas
[19:04:44] [Client thread/INFO]: Created: 512x256 textures/blocks-atlas
[19:04:44] [Sound Library Loader/INFO]: Sound engine started
[19:04:52] [Server thread/INFO]: Starting integrated minecraft server version 1.7.10
[19:04:52] [Server thread/INFO]: Generating keypair
[19:04:52] [Server thread/INFO]: Preparing start region for level 0
[19:04:53] [Server thread/INFO]: Changing view distance to 12, from 10
[19:04:54] [Server thread/INFO]: Player187[local:E:4671b2fd] logged in with entity id 219 at (720.2951727340715, 4.0, 310.2173566801697)
[19:04:54] [Server thread/INFO]: Player187 joined the game
[19:04:54] [Server thread/INFO]: Saving and pausing game...
[19:04:54] [Server thread/INFO]: Saving chunks for level 'New World'/Overworld
[19:04:55] [Server thread/INFO]: Saving chunks for level 'New World'/Nether
[19:04:55] [Server thread/INFO]: Saving chunks for level 'New World'/The End
[19:04:57] [Server thread/INFO]: Player187 has just earned the achievement [Taking Inventory]
[19:04:57] [Client thread/INFO]: [CHAT] Player187 has just earned the achievement [Taking Inventory]
